Dense Pagerank OpenMP Timings on host DESKTOP-PBDKSNE for Sat Dec 11 00:46:47 CST 2021
OMP_NUM_THREADS=1 ./dense_pagerank_omp graphs/notredame-501.txt 0.85
/usr/bin/time: cannot run ./dense_pagerank_omp: No such file or directory
Command exited with non-zero status 127
runtime: procs 1 graph notredame-501.txt realtime 0.00

OMP_NUM_THREADS=2 ./dense_pagerank_omp graphs/notredame-501.txt 0.85
/usr/bin/time: cannot run ./dense_pagerank_omp: No such file or directory
Command exited with non-zero status 127
runtime: procs 2 graph notredame-501.txt realtime 0.00

OMP_NUM_THREADS=4 ./dense_pagerank_omp graphs/notredame-501.txt 0.85
/usr/bin/time: cannot run ./dense_pagerank_omp: No such file or directory
Command exited with non-zero status 127
runtime: procs 4 graph notredame-501.txt realtime 0.00

OMP_NUM_THREADS=8 ./dense_pagerank_omp graphs/notredame-501.txt 0.85
/usr/bin/time: cannot run ./dense_pagerank_omp: No such file or directory
Command exited with non-zero status 127
runtime: procs 8 graph notredame-501.txt realtime 0.00

OMP_NUM_THREADS=10 ./dense_pagerank_omp graphs/notredame-501.txt 0.85
/usr/bin/time: cannot run ./dense_pagerank_omp: No such file or directory
Command exited with non-zero status 127
runtime: procs 10 graph notredame-501.txt realtime 0.00

OMP_NUM_THREADS=16 ./dense_pagerank_omp graphs/notredame-501.txt 0.85
/usr/bin/time: cannot run ./dense_pagerank_omp: No such file or directory
Command exited with non-zero status 127
runtime: procs 16 graph notredame-501.txt realtime 0.00

OMP_NUM_THREADS=32 ./dense_pagerank_omp graphs/notredame-501.txt 0.85
/usr/bin/time: cannot run ./dense_pagerank_omp: No such file or directory
Command exited with non-zero status 127
runtime: procs 32 graph notredame-501.txt realtime 0.00

OMP_NUM_THREADS=64 ./dense_pagerank_omp graphs/notredame-501.txt 0.85
/usr/bin/time: cannot run ./dense_pagerank_omp: No such file or directory
Command exited with non-zero status 127
runtime: procs 64 graph notredame-501.txt realtime 0.00

OMP_NUM_THREADS=128 ./dense_pagerank_omp graphs/notredame-501.txt 0.85
/usr/bin/time: cannot run ./dense_pagerank_omp: No such file or directory
Command exited with non-zero status 127
runtime: procs 128 graph notredame-501.txt realtime 0.00

OMP_NUM_THREADS=1 ./dense_pagerank_omp graphs/notredame-8000.txt 0.85
/usr/bin/time: cannot run ./dense_pagerank_omp: No such file or directory
Command exited with non-zero status 127
runtime: procs 1 graph notredame-8000.txt realtime 0.00

OMP_NUM_THREADS=2 ./dense_pagerank_omp graphs/notredame-8000.txt 0.85
/usr/bin/time: cannot run ./dense_pagerank_omp: No such file or directory
Command exited with non-zero status 127
runtime: procs 2 graph notredame-8000.txt realtime 0.00

OMP_NUM_THREADS=4 ./dense_pagerank_omp graphs/notredame-8000.txt 0.85
/usr/bin/time: cannot run ./dense_pagerank_omp: No such file or directory
Command exited with non-zero status 127
runtime: procs 4 graph notredame-8000.txt realtime 0.00

OMP_NUM_THREADS=8 ./dense_pagerank_omp graphs/notredame-8000.txt 0.85
/usr/bin/time: cannot run ./dense_pagerank_omp: No such file or directory
Command exited with non-zero status 127
runtime: procs 8 graph notredame-8000.txt realtime 0.00

OMP_NUM_THREADS=10 ./dense_pagerank_omp graphs/notredame-8000.txt 0.85
/usr/bin/time: cannot run ./dense_pagerank_omp: No such file or directory
Command exited with non-zero status 127
runtime: procs 10 graph notredame-8000.txt realtime 0.00

OMP_NUM_THREADS=16 ./dense_pagerank_omp graphs/notredame-8000.txt 0.85
/usr/bin/time: cannot run ./dense_pagerank_omp: No such file or directory
Command exited with non-zero status 127
runtime: procs 16 graph notredame-8000.txt realtime 0.00

OMP_NUM_THREADS=32 ./dense_pagerank_omp graphs/notredame-8000.txt 0.85
/usr/bin/time: cannot run ./dense_pagerank_omp: No such file or directory
Command exited with non-zero status 127
runtime: procs 32 graph notredame-8000.txt realtime 0.00

OMP_NUM_THREADS=64 ./dense_pagerank_omp graphs/notredame-8000.txt 0.85
/usr/bin/time: cannot run ./dense_pagerank_omp: No such file or directory
Command exited with non-zero status 127
runtime: procs 64 graph notredame-8000.txt realtime 0.00

OMP_NUM_THREADS=128 ./dense_pagerank_omp graphs/notredame-8000.txt 0.85
/usr/bin/time: cannot run ./dense_pagerank_omp: No such file or directory
Command exited with non-zero status 127
runtime: procs 128 graph notredame-8000.txt realtime 0.00

OMP_NUM_THREADS=1 ./dense_pagerank_omp graphs/notredame-16000.txt 0.85
/usr/bin/time: cannot run ./dense_pagerank_omp: No such file or directory
Command exited with non-zero status 127
runtime: procs 1 graph notredame-16000.txt realtime 0.00

OMP_NUM_THREADS=2 ./dense_pagerank_omp graphs/notredame-16000.txt 0.85
/usr/bin/time: cannot run ./dense_pagerank_omp: No such file or directory
Command exited with non-zero status 127
runtime: procs 2 graph notredame-16000.txt realtime 0.00

OMP_NUM_THREADS=4 ./dense_pagerank_omp graphs/notredame-16000.txt 0.85
/usr/bin/time: cannot run ./dense_pagerank_omp: No such file or directory
Command exited with non-zero status 127
runtime: procs 4 graph notredame-16000.txt realtime 0.00

OMP_NUM_THREADS=8 ./dense_pagerank_omp graphs/notredame-16000.txt 0.85
/usr/bin/time: cannot run ./dense_pagerank_omp: No such file or directory
Command exited with non-zero status 127
runtime: procs 8 graph notredame-16000.txt realtime 0.00

OMP_NUM_THREADS=10 ./dense_pagerank_omp graphs/notredame-16000.txt 0.85
/usr/bin/time: cannot run ./dense_pagerank_omp: No such file or directory
Command exited with non-zero status 127
runtime: procs 10 graph notredame-16000.txt realtime 0.00

OMP_NUM_THREADS=16 ./dense_pagerank_omp graphs/notredame-16000.txt 0.85
/usr/bin/time: cannot run ./dense_pagerank_omp: No such file or directory
Command exited with non-zero status 127
runtime: procs 16 graph notredame-16000.txt realtime 0.00

OMP_NUM_THREADS=32 ./dense_pagerank_omp graphs/notredame-16000.txt 0.85
/usr/bin/time: cannot run ./dense_pagerank_omp: No such file or directory
Command exited with non-zero status 127
runtime: procs 32 graph notredame-16000.txt realtime 0.00

OMP_NUM_THREADS=64 ./dense_pagerank_omp graphs/notredame-16000.txt 0.85
/usr/bin/time: cannot run ./dense_pagerank_omp: No such file or directory
Command exited with non-zero status 127
runtime: procs 64 graph notredame-16000.txt realtime 0.00

OMP_NUM_THREADS=128 ./dense_pagerank_omp graphs/notredame-16000.txt 0.85
/usr/bin/time: cannot run ./dense_pagerank_omp: No such file or directory
Command exited with non-zero status 127
runtime: procs 128 graph notredame-16000.txt realtime 0.00

